c:\users\liuhuan\desktop\viewdll\prj_win\debug\vc141.pdb
c:\users\liuhuan\desktop\viewdll\prj_win\debug\vc141.idb
c:\users\liuhuan\desktop\viewdll\prj_win\debug\eventdisposer.obj
c:\users\liuhuan\desktop\viewdll\prj_win\debug\ctrlmgr.obj
c:\users\liuhuan\desktop\viewdll\prj_win\debug\ctrlapp3.obj
c:\users\liuhuan\desktop\viewdll\prj_win\debug\ctrlapp2.obj
c:\users\liuhuan\desktop\viewdll\prj_win\debug\ctrlapp1.obj
c:\users\liuhuan\desktop\viewdll\prj_win\debug\viewdll.pch
c:\users\liuhuan\desktop\viewdll\prj_win\debug\stdafx.obj
c:\users\liuhuan\desktop\viewdll\prj_win\debug\viewdll.obj
c:\users\liuhuan\desktop\viewdll\prj_win\debug\dllmain.obj
c:\users\liuhuan\desktop\viewdll\prj_win\debug\viewdll.dll
c:\users\liuhuan\desktop\viewdll\prj_win\debug\viewdll.ilk
c:\users\liuhuan\desktop\viewdll\prj_win\debug\viewdll.pdb
c:\users\liuhuan\desktop\viewdll\prj_win\debug\viewdll.lib
c:\users\liuhuan\desktop\viewdll\prj_win\debug\viewdll.exp
c:\users\liuhuan\desktop\viewdll\prj_win\debug\viewdll.tlog\cl.command.1.tlog
c:\users\liuhuan\desktop\viewdll\prj_win\debug\viewdll.tlog\cl.read.1.tlog
c:\users\liuhuan\desktop\viewdll\prj_win\debug\viewdll.tlog\cl.write.1.tlog
c:\users\liuhuan\desktop\viewdll\prj_win\debug\viewdll.tlog\link.command.1.tlog
c:\users\liuhuan\desktop\viewdll\prj_win\debug\viewdll.tlog\link.read.1.tlog
c:\users\liuhuan\desktop\viewdll\prj_win\debug\viewdll.tlog\link.write.1.tlog
c:\users\liuhuan\desktop\viewdll\prj_win\debug\viewdll.tlog\viewdll.write.1u.tlog
