  StdAfx.cpp
c:\users\liuhuan\downloads\duilib-master\duilib\core\uimanager.h(45): warning C4091: “typedef ”: 没有声明变量时忽略“DuiLib::EVENTTYPE_UI”的左侧
  UIWebBrowser.cpp
  UIText.cpp
c:\users\liuhuan\downloads\duilib-master\duilib\control\uitext.cpp(52): warning C4302: “类型强制转换”: 从“LPSTR”到“WORD”截断
  UISlider.cpp
c:\users\liuhuan\downloads\duilib-master\duilib\control\uislider.cpp(212): warning C4302: “类型强制转换”: 从“LPSTR”到“WORD”截断
  UIScrollBar.cpp
  UIRichEdit.cpp
  UIProgress.cpp
  UIOption.cpp
  UIList.cpp
c:\users\liuhuan\downloads\duilib-master\duilib\control\uilist.cpp(1781): warning C4302: “类型强制转换”: 从“LPSTR”到“WORD”截断
c:\users\liuhuan\downloads\duilib-master\duilib\control\uilist.cpp(2417): warning C4302: “类型强制转换”: 从“LPSTR”到“WORD”截断
  UILabel.cpp
  UIGifAnim.cpp
c:\users\liuhuan\downloads\duilib-master\duilib\control\uigifanim.cpp(1): warning C4819: 该文件包含不能在当前代码页(936)中表示的字符。请将该文件保存为 Unicode 格式以防止数据丢失
  UIEdit.cpp
c:\users\liuhuan\downloads\duilib-master\duilib\control\uiedit.cpp(288): warning C4302: “类型强制转换”: 从“LPSTR”到“WORD”截断
  UIDateTime.cpp
c:\users\liuhuan\downloads\duilib-master\duilib\control\uidatetime.cpp(297): warning C4302: “类型强制转换”: 从“LPSTR”到“WORD”截断
  UICombo.cpp
  UICheckBox.cpp
  UIButton.cpp
c:\users\liuhuan\downloads\duilib-master\duilib\control\uibutton.cpp(127): warning C4302: “类型强制转换”: 从“LPSTR”到“WORD”截断
  UIActiveX.cpp
  UIVerticalLayout.cpp
c:\users\liuhuan\downloads\duilib-master\duilib\layout\uiverticallayout.cpp(306): warning C4302: “类型强制转换”: 从“LPSTR”到“WORD”截断
  UITileLayout.cpp
  UITabLayout.cpp
  UIHorizontalLayout.cpp
c:\users\liuhuan\downloads\duilib-master\duilib\layout\uihorizontallayout.cpp(313): warning C4302: “类型强制转换”: 从“LPSTR”到“WORD”截断
  正在生成代码...
  正在编译...
  UIChildLayout.cpp
  UIRender.cpp
c:\users\liuhuan\downloads\duilib-master\duilib\core\uirender.cpp(1198): warning C4838: 从“int”转换到“COLOR16”需要收缩转换
  UIMarkup.cpp
  UIManager.cpp
c:\users\liuhuan\downloads\duilib-master\duilib\core\uimanager.cpp(1045): warning C4838: 从“DWORD”转换到“LONG”需要收缩转换
  UIDlgBuilder.cpp
  UIControl.cpp
c:\users\liuhuan\downloads\duilib-master\duilib\core\uicontrol.cpp(832): warning C4302: “类型强制转换”: 从“LPSTR”到“WORD”截断
  UIContainer.cpp
  UIBase.cpp
  WndShadow.cpp
  Utils.cpp
  UIDelegate.cpp
  WinImplBase.cpp
  UIlib.cpp
  UITreeView.cpp
  正在生成代码...
  stb_image.c
  XUnzip.cpp
C:\Program Files (x86)\Microsoft Visual Studio\2017\Community\Common7\IDE\VC\VCTargets\Microsoft.CppBuild.targets(1216,5): warning MSB8012: TargetPath(C:\Users\liuhuan\Downloads\duilib-master\DuiLib\.\Build\Debug\DuiLib.dll) 与 Linker 的 OutputFile 属性值(C:\Users\liuhuan\Downloads\duilib-master\DuiLib\Build\Debug\DuiLib_d.dll)不匹配。这可能导致项目生成不正确。若要更正此问题，请确保 $(OutDir)、$(TargetName) 和 $(TargetExt) 属性值与 %(Link.OutputFile) 中指定的值匹配。
C:\Program Files (x86)\Microsoft Visual Studio\2017\Community\Common7\IDE\VC\VCTargets\Microsoft.CppBuild.targets(1218,5): warning MSB8012: TargetName(DuiLib) 与 Linker 的 OutputFile 属性值(DuiLib_d)不匹配。这可能导致项目生成不正确。若要更正此问题，请确保 $(OutDir)、$(TargetName) 和 $(TargetExt) 属性值与 %(Link.OutputFile) 中指定的值匹配。
    正在创建库 ../lib/DuiLib_d.lib 和对象 ../lib/DuiLib_d.exp
  DuiLib.vcxproj -> C:\Users\liuhuan\Downloads\duilib-master\DuiLib\.\Build\Debug\DuiLib.dll
