c:\users\liuhuan\desktop\skyshare_dui\skyshareresource\release\skyshareresource.pch
c:\users\liuhuan\desktop\skyshare_dui\skyshareresource\release\vc142.pdb
c:\users\liuhuan\desktop\skyshare_dui\skyshareresource\release\pch.obj
c:\users\liuhuan\desktop\skyshare_dui\skyshareresource\release\dllmain.obj
c:\users\liuhuan\desktop\skyshare_dui\skyshare\prj_win\release\skyshareresource.dll
c:\users\liuhuan\desktop\skyshare_dui\skyshare\prj_win\release\skyshareresource.pdb
c:\users\liuhuan\desktop\skyshare_dui\skyshareresource\release\skyshareresource.res
c:\users\liuhuan\desktop\skyshare_dui\skyshare\prj_win\release\skyshareresource.lib
c:\users\liuhuan\desktop\skyshare_dui\skyshare\prj_win\release\skyshareresource.exp
c:\users\liuhuan\desktop\skyshare_dui\skyshare\prj_win\release\skyshareresource.ipdb
c:\users\liuhuan\desktop\skyshare_dui\skyshare\prj_win\release\skyshareresource.iobj
c:\users\liuhuan\desktop\skyshare_dui\skyshareresource\release\skyshareresource.tlog\cl.command.1.tlog
c:\users\liuhuan\desktop\skyshare_dui\skyshareresource\release\skyshareresource.tlog\cl.read.1.tlog
c:\users\liuhuan\desktop\skyshare_dui\skyshareresource\release\skyshareresource.tlog\cl.write.1.tlog
c:\users\liuhuan\desktop\skyshare_dui\skyshareresource\release\skyshareresource.tlog\link.command.1.tlog
c:\users\liuhuan\desktop\skyshare_dui\skyshareresource\release\skyshareresource.tlog\link.delete.1.tlog
c:\users\liuhuan\desktop\skyshare_dui\skyshareresource\release\skyshareresource.tlog\link.read.1.tlog
c:\users\liuhuan\desktop\skyshare_dui\skyshareresource\release\skyshareresource.tlog\link.write.1.tlog
c:\users\liuhuan\desktop\skyshare_dui\skyshareresource\release\skyshareresource.tlog\rc.command.1.tlog
c:\users\liuhuan\desktop\skyshare_dui\skyshareresource\release\skyshareresource.tlog\rc.read.1.tlog
c:\users\liuhuan\desktop\skyshare_dui\skyshareresource\release\skyshareresource.tlog\rc.write.1.tlog
c:\users\liuhuan\desktop\skyshare_dui\skyshareresource\release\skyshareresource.tlog\skyshareresource.write.1u.tlog
