c:\users\liuhuan\downloads\duilib-master\skyshare\prj_win32\release\skyshare.pch
c:\users\liuhuan\downloads\duilib-master\skyshare\prj_win32\release\vc141.pdb
c:\users\liuhuan\downloads\duilib-master\skyshare\prj_win32\release\stdafx.obj
c:\users\liuhuan\downloads\duilib-master\skyshare\prj_win32\release\skyshare.obj
c:\users\liuhuan\downloads\duilib-master\skyshare\prj_win32\release\360safewnd.obj
e:\20190514_skyos_release\30-app\skyshare_dui\prj_win32\release\skyshare.pch
e:\20190514_skyos_release\30-app\skyshare_dui\prj_win32\release\vc141.pdb
e:\20190514_skyos_release\30-app\skyshare_dui\prj_win32\release\stdafx.obj
e:\20190514_skyos_release\30-app\skyshare_dui\prj_win32\release\skyshare.obj
e:\20190514_skyos_release\30-app\skyshare_dui\prj_win32\release\360safewnd.obj
c:\users\liuhuan\downloads\duilib-master\skyshare\prj_win32\release\skyshare.exe
c:\users\liuhuan\downloads\duilib-master\skyshare\prj_win32\release\skyshare.pdb
c:\users\liuhuan\downloads\duilib-master\skyshare\prj_win32\release\skyshare.res
e:\20190514_skyos_release\30-app\skyshare_dui\prj_win32\release\skyshare.res
c:\users\liuhuan\downloads\duilib-master\skyshare\prj_win32\release\skyshare.ipdb
c:\users\liuhuan\downloads\duilib-master\skyshare\prj_win32\release\skyshare.iobj
e:\20190514_skyos_release\30-app\skyshare_dui\prj_win32\release\skyshare.ipdb
e:\20190514_skyos_release\30-app\skyshare_dui\prj_win32\release\skyshare.iobj
e:\20190514_skyos_release\30-app\skyshare_dui\prj_win32\release\skyshare.pdb
e:\20190514_skyos_release\30-app\skyshare_dui\prj_win32\release\skyshare.tlog\cl.command.1.tlog
e:\20190514_skyos_release\30-app\skyshare_dui\prj_win32\release\skyshare.tlog\cl.read.1.tlog
e:\20190514_skyos_release\30-app\skyshare_dui\prj_win32\release\skyshare.tlog\cl.write.1.tlog
e:\20190514_skyos_release\30-app\skyshare_dui\prj_win32\release\skyshare.tlog\link.command.1.tlog
e:\20190514_skyos_release\30-app\skyshare_dui\prj_win32\release\skyshare.tlog\link.read.1.tlog
e:\20190514_skyos_release\30-app\skyshare_dui\prj_win32\release\skyshare.tlog\link.write.1.tlog
e:\20190514_skyos_release\30-app\skyshare_dui\prj_win32\release\skyshare.tlog\rc.command.1.tlog
e:\20190514_skyos_release\30-app\skyshare_dui\prj_win32\release\skyshare.tlog\rc.read.1.tlog
e:\20190514_skyos_release\30-app\skyshare_dui\prj_win32\release\skyshare.tlog\rc.write.1.tlog
e:\20190514_skyos_release\30-app\skyshare_dui\prj_win32\release\skyshare.tlog\skyshare.write.1u.tlog
